[debug] [2025-03-12T05:54:33.393Z] ----------------------------------------------------------------------
[debug] [2025-03-12T05:54:33.396Z] Command:       /Users/adsoft/.nvm/versions/node/v20.11.1/bin/node /Users/adsoft/.nvm/versions/node/v20.11.1/bin/firebase deploy
[debug] [2025-03-12T05:54:33.397Z] CLI Version:   13.22.0
[debug] [2025-03-12T05:54:33.397Z] Platform:      darwin
[debug] [2025-03-12T05:54:33.397Z] Node Version:  v20.11.1
[debug] [2025-03-12T05:54:33.397Z] Time:          Tue Mar 11 2025 23:54:33 GMT-0600 (Central Standard Time)
[debug] [2025-03-12T05:54:33.397Z] ----------------------------------------------------------------------
[debug] 
[debug] [2025-03-12T05:54:33.475Z] > command requires scopes: ["email","openid","https://www.googleapis.com/auth/cloudplatformprojects.readonly","https://www.googleapis.com/auth/firebase","https://www.googleapis.com/auth/cloud-platform"]
[debug] [2025-03-12T05:54:33.475Z] > authorizing via signed-in user (adsoftsito1@gmail.com)
[debug] [2025-03-12T05:54:33.475Z] [iam] checking project admin-admisiones-uv for permissions ["firebase.projects.get","firebasehosting.sites.update"]
[debug] [2025-03-12T05:54:33.476Z] Checked if tokens are valid: true, expires at: 1741761253338
[debug] [2025-03-12T05:54:33.477Z] Checked if tokens are valid: true, expires at: 1741761253338
[debug] [2025-03-12T05:54:33.478Z] >>> [apiv2][query] POST https://cloudresourcemanager.googleapis.com/v1/projects/admin-admisiones-uv:testIamPermissions [none]
[debug] [2025-03-12T05:54:33.478Z] >>> [apiv2][(partial)header] POST https://cloudresourcemanager.googleapis.com/v1/projects/admin-admisiones-uv:testIamPermissions x-goog-quota-user=projects/admin-admisiones-uv
[debug] [2025-03-12T05:54:33.478Z] >>> [apiv2][body] POST https://cloudresourcemanager.googleapis.com/v1/projects/admin-admisiones-uv:testIamPermissions {"permissions":["firebase.projects.get","firebasehosting.sites.update"]}
[debug] [2025-03-12T05:54:34.075Z] <<< [apiv2][status] POST https://cloudresourcemanager.googleapis.com/v1/projects/admin-admisiones-uv:testIamPermissions 200
[debug] [2025-03-12T05:54:34.075Z] <<< [apiv2][body] POST https://cloudresourcemanager.googleapis.com/v1/projects/admin-admisiones-uv:testIamPermissions {}
[debug] [2025-03-12T05:54:34.075Z] [iam] error while checking permissions, command may fail: FirebaseError: Authorization failed. This account is missing the following required permissions on project admin-admisiones-uv:

  firebase.projects.get
  firebasehosting.sites.update
[debug] [2025-03-12T05:54:34.076Z] Checked if tokens are valid: true, expires at: 1741761253338
[debug] [2025-03-12T05:54:34.076Z] Checked if tokens are valid: true, expires at: 1741761253338
[debug] [2025-03-12T05:54:34.076Z] >>> [apiv2][query] GET https://firebase.googleapis.com/v1beta1/projects/admin-admisiones-uv [none]
[debug] [2025-03-12T05:54:34.366Z] <<< [apiv2][status] GET https://firebase.googleapis.com/v1beta1/projects/admin-admisiones-uv 403
[debug] [2025-03-12T05:54:34.366Z] <<< [apiv2][body] GET https://firebase.googleapis.com/v1beta1/projects/admin-admisiones-uv {"error":{"code":403,"message":"The caller does not have permission","status":"PERMISSION_DENIED"}}
[debug] [2025-03-12T05:54:34.367Z] HTTP Error: 403, The caller does not have permission
[debug] [2025-03-12T05:54:34.368Z] FirebaseError: HTTP Error: 403, The caller does not have permission
    at responseToError (/Users/adsoft/.nvm/versions/node/v20.11.1/lib/node_modules/firebase-tools/lib/responseToError.js:49:12)
    at RetryOperation._fn (/Users/adsoft/.nvm/versions/node/v20.11.1/lib/node_modules/firebase-tools/lib/apiv2.js:312:77)
    at process.processTicksAndRejections (node:internal/process/task_queues:95:5)
[error] 
[error] Error: Failed to get Firebase project admin-admisiones-uv. Please make sure the project exists and your account has permission to access it.
